KalamKnowledgeClub/Booktopia/app/build/intermediates/manifest_merge_blame_file/debug/processDebugMainManifest/manifest-merger-blame-debug-report.txt
1<?xml version="1.0" encoding="utf-8"?>
2<manifest xmlns:android="http://schemas.android.com/apk/res/android"
3    package="com.kalamclub.booktopia"
4    android:versionCode="1"
5    android:versionName="1.0.0" >
6
7    <uses-sdk
8        android:minSdkVersion="24"
9        android:targetSdkVersion="34" />
10
11    <!-- Permissions -->
12    <uses-permission android:name="android.permission.INTERNET" />
12-->src\main\AndroidManifest.xml:6:5-67
12-->src\main\AndroidManifest.xml:6:22-64
13    <uses-permission android:name="android.permission.ACCESS_NETWORK_STATE" />
13-->src\main\AndroidManifest.xml:7:5-79
13-->src\main\AndroidManifest.xml:7:22-76
14
15    <permission
15-->[androidx.core:core:1.13.1] AndroidManifest.xml:22:5-24:47
16        android:name="com.kalamclub.booktopia.DYNAMIC_RECEIVER_NOT_EXPORTED_PERMISSION"
16-->[androidx.core:core:1.13.1] AndroidManifest.xml:23:9-81
17        android:protectionLevel="signature" />
17-->[androidx.core:core:1.13.1] AndroidManifest.xml:24:9-44
18
19    <uses-permission android:name="com.kalamclub.booktopia.DYNAMIC_RECEIVER_NOT_EXPORTED_PERMISSION" />
19-->[androidx.core:core:1.13.1] AndroidManifest.xml:26:5-97
19-->[androidx.core:core:1.13.1] AndroidManifest.xml:26:22-94
20
21    <application
21-->src\main\AndroidManifest.xml:9:5-40:19
22        android:name="com.kalamclub.booktopia.BooktopiaApplication"
22-->src\main\AndroidManifest.xml:10:9-45
23        android:allowBackup="true"
23-->src\main\AndroidManifest.xml:11:9-35
24        android:appComponentFactory="androidx.core.app.CoreComponentFactory"
24-->[androidx.core:core:1.13.1] AndroidManifest.xml:28:18-86
25        android:dataExtractionRules="@xml/data_extraction_rules"
25-->src\main\AndroidManifest.xml:12:9-65
26        android:debuggable="true"
27        android:extractNativeLibs="false"
28        android:fullBackupContent="@xml/backup_rules"
28-->src\main\AndroidManifest.xml:13:9-54
29        android:icon="@mipmap/ic_launcher"
29-->src\main\AndroidManifest.xml:14:9-43
30        android:label="@string/app_name"
30-->src\main\AndroidManifest.xml:15:9-41
31        android:roundIcon="@mipmap/ic_launcher_round"
31-->src\main\AndroidManifest.xml:16:9-54
32        android:supportsRtl="true"
32-->src\main\AndroidManifest.xml:17:9-35
33        android:theme="@style/Theme.Booktopia" >
33-->src\main\AndroidManifest.xml:18:9-47
34        <activity
34-->src\main\AndroidManifest.xml:21:9-39:20
35            android:name="com.kalamclub.booktopia.MainActivity"
35-->src\main\AndroidManifest.xml:22:13-41
36            android:exported="true"
36-->src\main\AndroidManifest.xml:23:13-36
37            android:theme="@style/Theme.Booktopia" >
37-->src\main\AndroidManifest.xml:24:13-51
38            <intent-filter>
38-->src\main\AndroidManifest.xml:25:13-28:29
39                <action android:name="android.intent.action.MAIN" />
39-->src\main\AndroidManifest.xml:26:17-69
39-->src\main\AndroidManifest.xml:26:25-66
40
41                <category android:name="android.intent.category.LAUNCHER" />
41-->src\main\AndroidManifest.xml:27:17-77
41-->src\main\AndroidManifest.xml:27:27-74
42            </intent-filter>
43
44            <!-- Deep link for OAuth callback -->
45            <intent-filter android:autoVerify="true" >
45-->src\main\AndroidManifest.xml:31:13-38:29
45-->src\main\AndroidManifest.xml:31:28-53
46                <action android:name="android.intent.action.VIEW" />
46-->src\main\AndroidManifest.xml:32:17-69
46-->src\main\AndroidManifest.xml:32:25-66
47
48                <category android:name="android.intent.category.DEFAULT" />
48-->src\main\AndroidManifest.xml:33:17-76
48-->src\main\AndroidManifest.xml:33:27-73
49                <category android:name="android.intent.category.BROWSABLE" />
49-->src\main\AndroidManifest.xml:34:17-78
49-->src\main\AndroidManifest.xml:34:27-75
50
51                <data
51-->src\main\AndroidManifest.xml:35:17-37:52
52                    android:host="auth-callback"
52-->src\main\AndroidManifest.xml:37:21-49
53                    android:scheme="com.kalamclub.booktopia" />
53-->src\main\AndroidManifest.xml:36:21-61
54            </intent-filter>
55        </activity>
56
57        <service
57-->[androidx.credentials:credentials-play-services-auth:1.3.0] AndroidManifest.xml:24:9-32:19
58            android:name="androidx.credentials.playservices.CredentialProviderMetadataHolder"
58-->[androidx.credentials:credentials-play-services-auth:1.3.0] AndroidManifest.xml:25:13-94
59            android:enabled="true"
59-->[androidx.credentials:credentials-play-services-auth:1.3.0] AndroidManifest.xml:26:13-35
60            android:exported="false" >
60-->[androidx.credentials:credentials-play-services-auth:1.3.0] AndroidManifest.xml:27:13-37
61            <meta-data
61-->[androidx.credentials:credentials-play-services-auth:1.3.0] AndroidManifest.xml:29:13-31:104
62                android:name="androidx.credentials.CREDENTIAL_PROVIDER_KEY"
62-->[androidx.credentials:credentials-play-services-auth:1.3.0] AndroidManifest.xml:30:17-76
63                android:value="androidx.credentials.playservices.CredentialProviderPlayServicesImpl" />
63-->[androidx.credentials:credentials-play-services-auth:1.3.0] AndroidManifest.xml:31:17-101
64        </service>
65
66        <activity
66-->[androidx.credentials:credentials-play-services-auth:1.3.0] AndroidManifest.xml:34:9-41:20
67            android:name="androidx.credentials.playservices.HiddenActivity"
67-->[androidx.credentials:credentials-play-services-auth:1.3.0] AndroidManifest.xml:35:13-76
68            android:configChanges="orientation|screenSize|screenLayout|keyboardHidden"
68-->[androidx.credentials:credentials-play-services-auth:1.3.0] AndroidManifest.xml:36:13-87
69            android:enabled="true"
69-->[androidx.credentials:credentials-play-services-auth:1.3.0] AndroidManifest.xml:37:13-35
70            android:exported="false"
70-->[androidx.credentials:credentials-play-services-auth:1.3.0] AndroidManifest.xml:38:13-37
71            android:fitsSystemWindows="true"
71-->[androidx.credentials:credentials-play-services-auth:1.3.0] AndroidManifest.xml:39:13-45
72            android:theme="@style/Theme.Hidden" >
72-->[androidx.credentials:credentials-play-services-auth:1.3.0] AndroidManifest.xml:40:13-48
73        </activity>
74        <activity
74-->[com.google.android.gms:play-services-auth:21.1.1] AndroidManifest.xml:23:9-27:75
75            android:name="com.google.android.gms.auth.api.signin.internal.SignInHubActivity"
75-->[com.google.android.gms:play-services-auth:21.1.1] AndroidManifest.xml:24:13-93
76            android:excludeFromRecents="true"
76-->[com.google.android.gms:play-services-auth:21.1.1] AndroidManifest.xml:25:13-46
77            android:exported="false"
77-->[com.google.android.gms:play-services-auth:21.1.1] AndroidManifest.xml:26:13-37
78            android:theme="@android:style/Theme.Translucent.NoTitleBar" />
78-->[com.google.android.gms:play-services-auth:21.1.1] AndroidManifest.xml:27:13-72
79        <!--
80            Service handling Google Sign-In user revocation. For apps that do not integrate with
81            Google Sign-In, this service will never be started.
82        -->
83        <service
83-->[com.google.android.gms:play-services-auth:21.1.1] AndroidManifest.xml:33:9-37:51
84            android:name="com.google.android.gms.auth.api.signin.RevocationBoundService"
84-->[com.google.android.gms:play-services-auth:21.1.1] AndroidManifest.xml:34:13-89
85            android:exported="true"
85-->[com.google.android.gms:play-services-auth:21.1.1] AndroidManifest.xml:35:13-36
86            android:permission="com.google.android.gms.auth.api.signin.permission.REVOCATION_NOTIFICATION"
86-->[com.google.android.gms:play-services-auth:21.1.1] AndroidManifest.xml:36:13-107
87            android:visibleToInstantApps="true" />
87-->[com.google.android.gms:play-services-auth:21.1.1] AndroidManifest.xml:37:13-48
88
89        <activity
89-->[com.google.android.gms:play-services-base:18.3.0] AndroidManifest.xml:20:9-22:45
90            android:name="com.google.android.gms.common.api.GoogleApiActivity"
90-->[com.google.android.gms:play-services-base:18.3.0] AndroidManifest.xml:20:19-85
91            android:exported="false"
91-->[com.google.android.gms:play-services-base:18.3.0] AndroidManifest.xml:22:19-43
92            android:theme="@android:style/Theme.Translucent.NoTitleBar" />
92-->[com.google.android.gms:play-services-base:18.3.0] AndroidManifest.xml:21:19-78
93
94        <meta-data
94-->[com.google.android.gms:play-services-basement:18.3.0] AndroidManifest.xml:21:9-23:69
95            android:name="com.google.android.gms.version"
95-->[com.google.android.gms:play-services-basement:18.3.0] AndroidManifest.xml:22:13-58
96            android:value="@integer/google_play_services_version" />
96-->[com.google.android.gms:play-services-basement:18.3.0] AndroidManifest.xml:23:13-66
97
98        <provider
98-->[io.github.jan-tennert.supabase:storage-kt-android-debug:2.6.1] AndroidManifest.xml:9:9-17:20
99            android:name="androidx.startup.InitializationProvider"
99-->[io.github.jan-tennert.supabase:storage-kt-android-debug:2.6.1] AndroidManifest.xml:10:13-67
100            android:authorities="com.kalamclub.booktopia.androidx-startup"
100-->[io.github.jan-tennert.supabase:storage-kt-android-debug:2.6.1] AndroidManifest.xml:11:13-68
101            android:exported="false" >
101-->[io.github.jan-tennert.supabase:storage-kt-android-debug:2.6.1] AndroidManifest.xml:12:13-37
102            <meta-data
102-->[io.github.jan-tennert.supabase:storage-kt-android-debug:2.6.1] AndroidManifest.xml:14:13-16:52
103                android:name="io.github.jan.supabase.storage.SupabaseInitializer"
103-->[io.github.jan-tennert.supabase:storage-kt-android-debug:2.6.1] AndroidManifest.xml:15:17-82
104                android:value="androidx.startup" />
104-->[io.github.jan-tennert.supabase:storage-kt-android-debug:2.6.1] AndroidManifest.xml:16:17-49
105            <meta-data
105-->[io.github.jan-tennert.supabase:gotrue-kt-android-debug:2.6.1] AndroidManifest.xml:14:13-16:52
106                android:name="io.github.jan.supabase.gotrue.SupabaseInitializer"
106-->[io.github.jan-tennert.supabase:gotrue-kt-android-debug:2.6.1] AndroidManifest.xml:15:17-81
107                android:value="androidx.startup" />
107-->[io.github.jan-tennert.supabase:gotrue-kt-android-debug:2.6.1] AndroidManifest.xml:16:17-49
108            <meta-data
108-->[androidx.emoji2:emoji2:1.3.0] AndroidManifest.xml:29:13-31:52
109                android:name="androidx.emoji2.text.EmojiCompatInitializer"
109-->[androidx.emoji2:emoji2:1.3.0] AndroidManifest.xml:30:17-75
110                android:value="androidx.startup" />
110-->[androidx.emoji2:emoji2:1.3.0] AndroidManifest.xml:31:17-49
111            <meta-data
111-->[androidx.lifecycle:lifecycle-process:2.8.6] AndroidManifest.xml:29:13-31:52
112                android:name="androidx.lifecycle.ProcessLifecycleInitializer"
112-->[androidx.lifecycle:lifecycle-process:2.8.6] AndroidManifest.xml:30:17-78
113                android:value="androidx.startup" />
113-->[androidx.lifecycle:lifecycle-process:2.8.6] AndroidManifest.xml:31:17-49
114            <meta-data
114-->[com.russhwolf:multiplatform-settings-no-arg-android-debug:1.1.1] AndroidManifest.xml:29:13-31:52
115                android:name="com.russhwolf.settings.SettingsInitializer"
115-->[com.russhwolf:multiplatform-settings-no-arg-android-debug:1.1.1] AndroidManifest.xml:30:17-74
116                android:value="androidx.startup" />
116-->[com.russhwolf:multiplatform-settings-no-arg-android-debug:1.1.1] AndroidManifest.xml:31:17-49
117            <meta-data
117-->[androidx.profileinstaller:profileinstaller:1.3.1] AndroidManifest.xml:29:13-31:52
118                android:name="androidx.profileinstaller.ProfileInstallerInitializer"
118-->[androidx.profileinstaller:profileinstaller:1.3.1] AndroidManifest.xml:30:17-85
119                android:value="androidx.startup" />
119-->[androidx.profileinstaller:profileinstaller:1.3.1] AndroidManifest.xml:31:17-49
120        </provider>
121
122        <activity
122-->[androidx.compose.ui:ui-tooling-android:1.7.3] AndroidManifest.xml:23:9-25:39
123            android:name="androidx.compose.ui.tooling.PreviewActivity"
123-->[androidx.compose.ui:ui-tooling-android:1.7.3] AndroidManifest.xml:24:13-71
124            android:exported="true" />
124-->[androidx.compose.ui:ui-tooling-android:1.7.3] AndroidManifest.xml:25:13-36
125
126        <receiver
126-->[androidx.profileinstaller:profileinstaller:1.3.1] AndroidManifest.xml:34:9-52:20
127            android:name="androidx.profileinstaller.ProfileInstallReceiver"
127-->[androidx.profileinstaller:profileinstaller:1.3.1] AndroidManifest.xml:35:13-76
128            android:directBootAware="false"
128-->[androidx.profileinstaller:profileinstaller:1.3.1] AndroidManifest.xml:36:13-44
129            android:enabled="true"
129-->[androidx.profileinstaller:profileinstaller:1.3.1] AndroidManifest.xml:37:13-35
130            android:exported="true"
130-->[androidx.profileinstaller:profileinstaller:1.3.1] AndroidManifest.xml:38:13-36
131            android:permission="android.permission.DUMP" >
131-->[androidx.profileinstaller:profileinstaller:1.3.1] AndroidManifest.xml:39:13-57
132            <intent-filter>
132-->[androidx.profileinstaller:profileinstaller:1.3.1] AndroidManifest.xml:40:13-42:29
133                <action android:name="androidx.profileinstaller.action.INSTALL_PROFILE" />
133-->[androidx.profileinstaller:profileinstaller:1.3.1] AndroidManifest.xml:41:17-91
133-->[androidx.profileinstaller:profileinstaller:1.3.1] AndroidManifest.xml:41:25-88
134            </intent-filter>
135            <intent-filter>
135-->[androidx.profileinstaller:profileinstaller:1.3.1] AndroidManifest.xml:43:13-45:29
136                <action android:name="androidx.profileinstaller.action.SKIP_FILE" />
136-->[androidx.profileinstaller:profileinstaller:1.3.1] AndroidManifest.xml:44:17-85
136-->[androidx.profileinstaller:profileinstaller:1.3.1] AndroidManifest.xml:44:25-82
137            </intent-filter>
138            <intent-filter>
138-->[androidx.profileinstaller:profileinstaller:1.3.1] AndroidManifest.xml:46:13-48:29
139                <action android:name="androidx.profileinstaller.action.SAVE_PROFILE" />
139-->[androidx.profileinstaller:profileinstaller:1.3.1] AndroidManifest.xml:47:17-88
139-->[androidx.profileinstaller:profileinstaller:1.3.1] AndroidManifest.xml:47:25-85
140            </intent-filter>
141            <intent-filter>
141-->[androidx.profileinstaller:profileinstaller:1.3.1] AndroidManifest.xml:49:13-51:29
142                <action android:name="androidx.profileinstaller.action.BENCHMARK_OPERATION" />
142-->[androidx.profileinstaller:profileinstaller:1.3.1] AndroidManifest.xml:50:17-95
142-->[androidx.profileinstaller:profileinstaller:1.3.1] AndroidManifest.xml:50:25-92
143            </intent-filter>
144        </receiver>
145    </application>
146
147</manifest>